<?xml version="1.0" encoding="UTF-8"?>
<!-- Generated by org.testng.reporters.JUnitReportReporter -->
<testsuite skipped="0" hostname="DESKTOP-32TIHOV" name="assignmentTwoTests.TC_001" tests="12" failures="0" timestamp="28 Apr 2019 15:16:38 GMT" time="141.337" errors="0">
  <testcase name="comparingFlightDetailswithFooter" time="11.267" classname="assignmentTwoTests.TC_001"/>
  <testcase name="comparingFlightDetailswithFooter" time="13.017" classname="assignmentTwoTests.TC_001"/>
  <testcase name="comparingFlightDetailswithFooter" time="13.906" classname="assignmentTwoTests.TC_001"/>
  <testcase name="comparingFlightDetailswithFooter" time="11.233" classname="assignmentTwoTests.TC_001"/>
  <testcase name="comparingFlightDetailswithFooter" time="3.243" classname="assignmentTwoTests.TC_001"/>
  <testcase name="SearchResults" time="20.690" classname="assignmentTwoTests.TC_001"/>
  <testcase name="comparingFlightDetailswithFooter" time="12.903" classname="assignmentTwoTests.TC_001"/>
  <testcase name="comparingFlightDetailswithFooter" time="12.975" classname="assignmentTwoTests.TC_001"/>
  <testcase name="comparingFlightDetailswithFooter" time="12.537" classname="assignmentTwoTests.TC_001"/>
  <testcase name="SearchFlights" time="14.276" classname="assignmentTwoTests.TC_001"/>
  <testcase name="comparingFlightDetailswithFooter" time="3.243" classname="assignmentTwoTests.TC_001"/>
  <testcase name="comparingFlightDetailswithFooter" time="12.047" classname="assignmentTwoTests.TC_001"/>
</testsuite> <!-- assignmentTwoTests.TC_001 -->
